<?xml version="1.0" encoding="UTF-8"?>
<!-- Generated by org.testng.reporters.JUnitReportReporter -->
<testsuite hostname="IABLR-LT155" name="Runner.RunCuke$Runner" tests="1" failures="0" timestamp="3 Nov 2019 09:06:57 GMT" time="0.114" errors="0">
  <testcase name="runCukes" time="0.114" classname="Runner.RunCuke$Runner"/>
</testsuite> <!-- Runner.RunCuke$Runner -->
