<?xml version="1.0" encoding="UTF-8"?>
<!-- Generated by org.testng.reporters.JUnitReportReporter -->
<testsuite hostname="IABLR-LT155" name="Runner.RunCuke" tests="2" failures="0" timestamp="5 Nov 2019 11:28:20 GMT" time="2.488" errors="0">
  <testcase name="runScenario" time="0.003" classname="Runner.RunCuke"/>
  <testcase name="runScenario" time="2.485" classname="Runner.RunCuke"/>
</testsuite> <!-- Runner.RunCuke -->
