<?xml version="1.0" encoding="UTF-8"?>
<!-- Generated by org.testng.reporters.JUnitReportReporter -->
<testsuite hostname="IABLR-LT155" name="Runner.RunCuke" tests="1" failures="0" timestamp="5 Nov 2019 14:05:13 GMT" time="2.629" errors="0">
  <testcase name="runScenario" time="2.629" classname="Runner.RunCuke"/>
</testsuite> <!-- Runner.RunCuke -->
