<?xml version="1.0" encoding="UTF-8"?>
<!-- Generated by org.testng.reporters.JUnitReportReporter -->
<testsuite skipped="0" hostname="IABLR-LT155" name="Runner.RunCuke" tests="1" failures="0" timestamp="05 Nov 2019 14:26:38 GMT" time="5.766" errors="0">
  <testcase name="runScenario" time="5.766" classname="Runner.RunCuke"/>
</testsuite> <!-- Runner.RunCuke -->
