<?xml version="1.0" encoding="UTF-8"?>
<!-- Generated by org.testng.reporters.JUnitReportReporter -->
<testsuite skipped="0" hostname="IABLR-LT155" name="Runner.RunCuke" tests="1" failures="0" timestamp="05 Nov 2019 16:04:12 GMT" time="3.181" errors="0">
  <testcase name="runScenario" time="3.181" classname="Runner.RunCuke"/>
</testsuite> <!-- Runner.RunCuke -->
